19:41:25.302 [main] INFO  testCases.TC_001_AccountRegistrationTest - ****Starting TC_001_AccountRegistrationTest*****
19:41:25.581 [main] INFO  testCases.TC_001_AccountRegistrationTest - clicked my account
19:41:26.316 [main] INFO  testCases.TC_001_AccountRegistrationTest - clicked my Registration
19:41:26.337 [main] INFO  testCases.TC_001_AccountRegistrationTest - providing customer data
19:41:36.426 [main] ERROR testCases.TC_001_AccountRegistrationTest - test failed
21:31:33.138 [main] INFO  testCases.TC_001_AccountRegistrationTest - ****Starting TC_001_AccountRegistrationTest*****
21:31:33.366 [main] INFO  testCases.TC_001_AccountRegistrationTest - clicked my account
21:31:34.352 [main] INFO  testCases.TC_001_AccountRegistrationTest - clicked my Registration
21:31:34.365 [main] INFO  testCases.TC_001_AccountRegistrationTest - providing customer data
21:31:44.394 [main] ERROR testCases.TC_001_AccountRegistrationTest - test failed
22:17:53.651 [main] INFO  testCases.TC_001_AccountRegistrationTest - ****Starting TC_001_AccountRegistrationTest*****
22:17:53.859 [main] INFO  testCases.TC_001_AccountRegistrationTest - clicked my account
22:17:54.496 [main] INFO  testCases.TC_001_AccountRegistrationTest - clicked my Registration
22:17:54.510 [main] INFO  testCases.TC_001_AccountRegistrationTest - providing customer data
22:18:04.536 [main] ERROR testCases.TC_001_AccountRegistrationTest - test failed
22:33:21.172 [main] INFO  testCases.TC_001_AccountRegistrationTest - ****Starting TC_001_AccountRegistrationTest*****
22:33:21.416 [main] INFO  testCases.TC_001_AccountRegistrationTest - clicked my account
22:33:22.028 [main] INFO  testCases.TC_001_AccountRegistrationTest - clicked my Registration
22:33:22.044 [main] INFO  testCases.TC_001_AccountRegistrationTest - providing customer data
22:33:32.143 [main] ERROR testCases.TC_001_AccountRegistrationTest - test failed
22:33:39.744 [main] INFO  testCases.TC_001_AccountRegistrationTest - ****Starting TC_001_AccountRegistrationTest*****
22:33:39.942 [main] INFO  testCases.TC_001_AccountRegistrationTest - clicked my account
22:33:40.608 [main] INFO  testCases.TC_001_AccountRegistrationTest - clicked my Registration
22:33:40.625 [main] INFO  testCases.TC_001_AccountRegistrationTest - providing customer data
22:33:50.664 [main] ERROR testCases.TC_001_AccountRegistrationTest - test failed
22:35:23.197 [TestNG-tests-2] INFO  testCases.TC_001_AccountRegistrationTest - ****Starting TC_001_AccountRegistrationTest*****
22:35:23.413 [TestNG-tests-2] INFO  testCases.TC_001_AccountRegistrationTest - clicked my account
22:35:24.483 [TestNG-tests-1] INFO  testCases.TC_001_AccountRegistrationTest - ****Starting TC_001_AccountRegistrationTest*****
22:35:24.824 [TestNG-tests-2] INFO  testCases.TC_001_AccountRegistrationTest - clicked my Registration
22:35:24.832 [TestNG-tests-2] INFO  testCases.TC_001_AccountRegistrationTest - providing customer data
22:35:25.243 [TestNG-tests-1] INFO  testCases.TC_001_AccountRegistrationTest - clicked my account
22:35:25.817 [TestNG-tests-1] INFO  testCases.TC_001_AccountRegistrationTest - clicked my Registration
22:35:25.829 [TestNG-tests-1] INFO  testCases.TC_001_AccountRegistrationTest - providing customer data
22:35:34.942 [TestNG-tests-2] ERROR testCases.TC_001_AccountRegistrationTest - test failed
22:35:35.853 [TestNG-tests-1] ERROR testCases.TC_001_AccountRegistrationTest - test failed
21:36:44.523 [TestNG-tests-1] INFO  testCases.TC_001_AccountRegistrationTest - ****Starting TC_001_AccountRegistrationTest*****
21:36:45.122 [TestNG-tests-2] INFO  testCases.TC_001_AccountRegistrationTest - ****Starting TC_001_AccountRegistrationTest*****
21:36:45.583 [TestNG-tests-1] INFO  testCases.TC_001_AccountRegistrationTest - clicked my account
21:36:45.726 [TestNG-tests-2] INFO  testCases.TC_001_AccountRegistrationTest - clicked my account
21:36:46.411 [TestNG-tests-2] INFO  testCases.TC_001_AccountRegistrationTest - clicked my Registration
21:36:46.426 [TestNG-tests-2] INFO  testCases.TC_001_AccountRegistrationTest - providing customer data
21:36:46.540 [TestNG-tests-1] INFO  testCases.TC_001_AccountRegistrationTest - clicked my Registration
21:36:46.545 [TestNG-tests-1] INFO  testCases.TC_001_AccountRegistrationTest - providing customer data
21:36:56.578 [TestNG-tests-2] ERROR testCases.TC_001_AccountRegistrationTest - test failed
21:36:56.664 [TestNG-tests-1] ERROR testCases.TC_001_AccountRegistrationTest - test failed
10:40:32.670 [main] INFO  testCases.TC_001_AccountRegistrationTest - ****Starting TC_001_AccountRegistrationTest*****
10:40:32.915 [main] INFO  testCases.TC_001_AccountRegistrationTest - clicked my account
10:40:33.582 [main] INFO  testCases.TC_001_AccountRegistrationTest - clicked my Registration
10:40:33.585 [main] INFO  testCases.TC_001_AccountRegistrationTest - providing customer data
10:40:43.683 [main] ERROR testCases.TC_001_AccountRegistrationTest - test failed
10:49:09.570 [main] INFO  testCases.TC_001_AccountRegistrationTest - ****Starting TC_001_AccountRegistrationTest*****
10:49:09.830 [main] INFO  testCases.TC_001_AccountRegistrationTest - clicked my account
10:49:11.076 [main] INFO  testCases.TC_001_AccountRegistrationTest - clicked my Registration
10:49:11.091 [main] INFO  testCases.TC_001_AccountRegistrationTest - providing customer data
10:49:21.193 [main] ERROR testCases.TC_001_AccountRegistrationTest - test failed
10:57:39.121 [main] INFO  testCases.TC_001_AccountRegistrationTest - ****Starting TC_001_AccountRegistrationTest*****
10:57:39.426 [main] INFO  testCases.TC_001_AccountRegistrationTest - clicked my account
10:57:40.095 [main] INFO  testCases.TC_001_AccountRegistrationTest - clicked my Registration
10:57:40.100 [main] INFO  testCases.TC_001_AccountRegistrationTest - providing customer data
10:57:50.175 [main] ERROR testCases.TC_001_AccountRegistrationTest - test failed
11:03:45.306 [main] INFO  testCases.TC_001_AccountRegistrationTest - ****Starting TC_001_AccountRegistrationTest*****
11:03:45.641 [main] INFO  testCases.TC_001_AccountRegistrationTest - clicked my account
11:03:46.885 [main] INFO  testCases.TC_001_AccountRegistrationTest - clicked my Registration
11:03:46.889 [main] INFO  testCases.TC_001_AccountRegistrationTest - providing customer data
11:03:56.958 [main] ERROR testCases.TC_001_AccountRegistrationTest - test failed
19:47:30.053 [main] INFO  testCases.TC_001_AccountRegistrationTest - ****Starting TC_001_AccountRegistrationTest*****
19:47:30.520 [main] INFO  testCases.TC_001_AccountRegistrationTest - clicked my account
19:47:31.414 [main] INFO  testCases.TC_001_AccountRegistrationTest - clicked my Registration
19:47:31.424 [main] INFO  testCases.TC_001_AccountRegistrationTest - providing customer data
19:47:41.520 [main] ERROR testCases.TC_001_AccountRegistrationTest - test failed
20:06:33.452 [main] INFO  testCases.TC_001_AccountRegistrationTest - ****Starting TC_001_AccountRegistrationTest*****
20:06:33.700 [main] INFO  testCases.TC_001_AccountRegistrationTest - clicked my account
20:06:34.716 [main] INFO  testCases.TC_001_AccountRegistrationTest - clicked my Registration
20:06:34.721 [main] INFO  testCases.TC_001_AccountRegistrationTest - providing customer data
20:06:44.830 [main] ERROR testCases.TC_001_AccountRegistrationTest - test failed
20:10:27.972 [main] INFO  testCases.TC_001_AccountRegistrationTest - ****Starting TC_001_AccountRegistrationTest*****
20:10:28.214 [main] INFO  testCases.TC_001_AccountRegistrationTest - clicked my account
20:10:28.948 [main] INFO  testCases.TC_001_AccountRegistrationTest - clicked my Registration
20:10:28.953 [main] INFO  testCases.TC_001_AccountRegistrationTest - providing customer data
20:10:39.033 [main] ERROR testCases.TC_001_AccountRegistrationTest - test failed
20:20:44.920 [main] INFO  testCases.TC_001_AccountRegistrationTest - ****Starting TC_001_AccountRegistrationTest*****
20:20:45.212 [main] INFO  testCases.TC_001_AccountRegistrationTest - clicked my account
20:20:45.964 [main] INFO  testCases.TC_001_AccountRegistrationTest - clicked my Registration
20:20:45.978 [main] INFO  testCases.TC_001_AccountRegistrationTest - providing customer data
20:20:56.066 [main] ERROR testCases.TC_001_AccountRegistrationTest - test failed
20:36:06.884 [main] INFO  testCases.TC_001_AccountRegistrationTest - ****Starting TC_001_AccountRegistrationTest*****
20:36:07.265 [main] INFO  testCases.TC_001_AccountRegistrationTest - clicked my account
20:36:08.230 [main] INFO  testCases.TC_001_AccountRegistrationTest - clicked my Registration
20:36:08.244 [main] INFO  testCases.TC_001_AccountRegistrationTest - providing customer data
20:36:18.359 [main] ERROR testCases.TC_001_AccountRegistrationTest - test failed
20:40:48.601 [main] INFO  testCases.TC_001_AccountRegistrationTest - ****Starting TC_001_AccountRegistrationTest*****
20:40:48.869 [main] INFO  testCases.TC_001_AccountRegistrationTest - clicked my account
20:40:50.225 [main] INFO  testCases.TC_001_AccountRegistrationTest - clicked my Registration
20:40:50.234 [main] INFO  testCases.TC_001_AccountRegistrationTest - providing customer data
20:41:00.265 [main] ERROR testCases.TC_001_AccountRegistrationTest - test failed
20:51:09.938 [main] INFO  testCases.TC_001_AccountRegistrationTest - ****Starting TC_001_AccountRegistrationTest*****
20:51:10.155 [main] INFO  testCases.TC_001_AccountRegistrationTest - clicked my account
20:51:11.111 [main] INFO  testCases.TC_001_AccountRegistrationTest - clicked my Registration
20:51:11.119 [main] INFO  testCases.TC_001_AccountRegistrationTest - providing customer data
20:51:21.244 [main] ERROR testCases.TC_001_AccountRegistrationTest - test failed
20:59:50.559 [main] INFO  testCases.TC_001_AccountRegistrationTest - ****Starting TC_001_AccountRegistrationTest*****
20:59:50.812 [main] INFO  testCases.TC_001_AccountRegistrationTest - clicked my account
20:59:51.842 [main] INFO  testCases.TC_001_AccountRegistrationTest - clicked my Registration
20:59:51.849 [main] INFO  testCases.TC_001_AccountRegistrationTest - providing customer data
21:00:01.938 [main] ERROR testCases.TC_001_AccountRegistrationTest - test failed
21:02:05.871 [main] INFO  testCases.TC_001_AccountRegistrationTest - ****Starting TC_001_AccountRegistrationTest*****
21:02:06.249 [main] INFO  testCases.TC_001_AccountRegistrationTest - clicked my account
21:02:07.346 [main] INFO  testCases.TC_001_AccountRegistrationTest - clicked my Registration
21:02:07.357 [main] INFO  testCases.TC_001_AccountRegistrationTest - providing customer data
21:02:17.408 [main] ERROR testCases.TC_001_AccountRegistrationTest - test failed
19:18:39.746 [main] INFO  testCases.TC_001_AccountRegistrationTest - ****Starting TC_001_AccountRegistrationTest*****
19:18:39.987 [main] INFO  testCases.TC_001_AccountRegistrationTest - clicked my account
19:18:40.690 [main] INFO  testCases.TC_001_AccountRegistrationTest - clicked my Registration
19:18:40.707 [main] INFO  testCases.TC_001_AccountRegistrationTest - providing customer data
19:18:50.743 [main] ERROR testCases.TC_001_AccountRegistrationTest - test failed
19:28:49.761 [main] INFO  testCases.TC_001_AccountRegistrationTest - ****Starting TC_001_AccountRegistrationTest*****
19:28:50.054 [main] INFO  testCases.TC_001_AccountRegistrationTest - clicked my account
19:28:50.874 [main] INFO  testCases.TC_001_AccountRegistrationTest - clicked my Registration
19:28:50.886 [main] INFO  testCases.TC_001_AccountRegistrationTest - providing customer data
19:29:00.959 [main] ERROR testCases.TC_001_AccountRegistrationTest - test failed
19:38:29.211 [main] INFO  testCases.TC_001_AccountRegistrationTest - ****Starting TC_001_AccountRegistrationTest*****
19:38:29.482 [main] INFO  testCases.TC_001_AccountRegistrationTest - clicked my account
19:38:30.153 [main] INFO  testCases.TC_001_AccountRegistrationTest - clicked my Registration
19:38:30.159 [main] INFO  testCases.TC_001_AccountRegistrationTest - providing customer data
19:38:40.263 [main] ERROR testCases.TC_001_AccountRegistrationTest - test failed
19:41:20.423 [main] INFO  testCases.TC_001_AccountRegistrationTest - ****Starting TC_001_AccountRegistrationTest*****
19:41:20.704 [main] INFO  testCases.TC_001_AccountRegistrationTest - clicked my account
19:41:21.338 [main] INFO  testCases.TC_001_AccountRegistrationTest - clicked my Registration
19:41:21.344 [main] INFO  testCases.TC_001_AccountRegistrationTest - providing customer data
19:41:31.409 [main] ERROR testCases.TC_001_AccountRegistrationTest - test failed
19:42:55.606 [main] INFO  testCases.TC_001_AccountRegistrationTest - ****Starting TC_001_AccountRegistrationTest*****
19:42:55.857 [main] INFO  testCases.TC_001_AccountRegistrationTest - clicked my account
19:42:56.726 [main] INFO  testCases.TC_001_AccountRegistrationTest - clicked my Registration
19:42:56.732 [main] INFO  testCases.TC_001_AccountRegistrationTest - providing customer data
19:43:06.803 [main] ERROR testCases.TC_001_AccountRegistrationTest - test failed
19:52:23.922 [main] INFO  testCases.TC_001_AccountRegistrationTest - ****Starting TC_001_AccountRegistrationTest*****
19:52:24.220 [main] INFO  testCases.TC_001_AccountRegistrationTest - clicked my account
19:52:24.954 [main] INFO  testCases.TC_001_AccountRegistrationTest - clicked my Registration
19:52:24.961 [main] INFO  testCases.TC_001_AccountRegistrationTest - providing customer data
19:52:35.038 [main] ERROR testCases.TC_001_AccountRegistrationTest - test failed
20:50:36.214 [main] INFO  testCases.TC_001_AccountRegistrationTest - ****Starting TC_001_AccountRegistrationTest*****
20:50:36.550 [main] INFO  testCases.TC_001_AccountRegistrationTest - clicked my account
20:50:37.601 [main] INFO  testCases.TC_001_AccountRegistrationTest - clicked my Registration
20:50:37.610 [main] INFO  testCases.TC_001_AccountRegistrationTest - providing customer data
20:50:47.663 [main] ERROR testCases.TC_001_AccountRegistrationTest - test failed
20:56:34.147 [main] INFO  testCases.TC_001_AccountRegistrationTest - ****Starting TC_001_AccountRegistrationTest*****
20:56:34.406 [main] INFO  testCases.TC_001_AccountRegistrationTest - clicked my account
20:56:35.140 [main] INFO  testCases.TC_001_AccountRegistrationTest - clicked my Registration
20:56:35.148 [main] INFO  testCases.TC_001_AccountRegistrationTest - providing customer data
20:56:45.223 [main] ERROR testCases.TC_001_AccountRegistrationTest - test failed
20:59:37.481 [main] INFO  testCases.TC_001_AccountRegistrationTest - ****Starting TC_001_AccountRegistrationTest*****
20:59:37.752 [main] INFO  testCases.TC_001_AccountRegistrationTest - clicked my account
20:59:38.753 [main] INFO  testCases.TC_001_AccountRegistrationTest - clicked my Registration
20:59:38.764 [main] INFO  testCases.TC_001_AccountRegistrationTest - providing customer data
20:59:48.876 [main] ERROR testCases.TC_001_AccountRegistrationTest - test failed
21:40:51.145 [main] INFO  testCases.TC_001_AccountRegistrationTest - ****Starting TC_001_AccountRegistrationTest*****
21:40:51.487 [main] INFO  testCases.TC_001_AccountRegistrationTest - clicked my account
21:40:52.199 [main] INFO  testCases.TC_001_AccountRegistrationTest - clicked my Registration
21:40:52.207 [main] INFO  testCases.TC_001_AccountRegistrationTest - providing customer data
21:41:02.275 [main] ERROR testCases.TC_001_AccountRegistrationTest - test failed
21:53:55.789 [main] INFO  testCases.TC_001_AccountRegistrationTest - ****Starting TC_001_AccountRegistrationTest*****
21:53:56.130 [main] INFO  testCases.TC_001_AccountRegistrationTest - clicked my account
21:53:57.007 [main] INFO  testCases.TC_001_AccountRegistrationTest - clicked my Registration
21:53:57.017 [main] INFO  testCases.TC_001_AccountRegistrationTest - providing customer data
21:54:07.143 [main] ERROR testCases.TC_001_AccountRegistrationTest - test failed
20:06:33.177 [main] INFO  testCases.TC_002_LoginTest - ******Starting TC_002_LoginTest**** 
20:06:33.409 [main] INFO  testCases.TC_002_LoginTest - Clicked on my account
20:06:34.260 [main] INFO  testCases.TC_002_LoginTest - Clicked on login Link
20:06:34.263 [main] INFO  testCases.TC_002_LoginTest - providing Login details
20:08:47.006 [main] INFO  testCases.TC_002_LoginTest - ******Starting TC_002_LoginTest**** 
20:08:47.229 [main] INFO  testCases.TC_002_LoginTest - Clicked on my account
20:08:47.894 [main] INFO  testCases.TC_002_LoginTest - Clicked on login Link
20:08:47.907 [main] INFO  testCases.TC_002_LoginTest - providing Login details
20:13:04.743 [main] INFO  testCases.TC_002_LoginTest - ******Starting TC_002_LoginTest**** 
20:13:05.181 [main] INFO  testCases.TC_002_LoginTest - Clicked on my account
20:13:05.870 [main] INFO  testCases.TC_002_LoginTest - Clicked on login Link
20:13:05.873 [main] INFO  testCases.TC_002_LoginTest - providing Login details
20:15:00.300 [main] INFO  testCases.TC_002_LoginTest - ******Starting TC_002_LoginTest**** 
20:15:00.659 [main] INFO  testCases.TC_002_LoginTest - Clicked on my account
20:15:01.265 [main] INFO  testCases.TC_002_LoginTest - Clicked on login Link
20:15:01.270 [main] INFO  testCases.TC_002_LoginTest - providing Login details
20:17:40.269 [main] INFO  testCases.TC_002_LoginTest - ******Starting TC_002_LoginTest**** 
20:17:40.546 [main] INFO  testCases.TC_002_LoginTest - Clicked on my account
20:17:41.303 [main] INFO  testCases.TC_002_LoginTest - Clicked on login Link
20:17:41.306 [main] INFO  testCases.TC_002_LoginTest - providing Login details
20:22:21.462 [main] INFO  testCases.TC_002_LoginTest - ******Starting TC_002_LoginTest**** 
20:22:21.728 [main] INFO  testCases.TC_002_LoginTest - Clicked on my account
20:22:22.323 [main] INFO  testCases.TC_002_LoginTest - Clicked on login Link
20:22:22.328 [main] INFO  testCases.TC_002_LoginTest - providing Login details
20:25:02.381 [main] INFO  testCases.TC_002_LoginTest - ******Starting TC_002_LoginTest**** 
20:25:02.611 [main] INFO  testCases.TC_002_LoginTest - Clicked on my account
20:25:03.155 [main] INFO  testCases.TC_002_LoginTest - Clicked on login Link
20:25:03.160 [main] INFO  testCases.TC_002_LoginTest - providing Login details
20:25:03.620 [main] INFO  testCases.TC_002_LoginTest - clicked on loging button
20:25:04.479 [main] INFO  testCases.TC_002_LoginTest - ******Finished TC_002_LoginTest****
22:55:45.072 [main] INFO  testCases.TC_003_LoginDDT - ******Starting TC_003_LoginDDT **** 
22:55:46.177 [main] INFO  testCases.TC_003_LoginDDT - clicked on loging button
22:55:57.200 [main] INFO  testCases.TC_003_LoginDDT - ******Starting TC_003_LoginDDT **** 
22:56:07.541 [main] INFO  testCases.TC_003_LoginDDT - ******Starting TC_003_LoginDDT **** 
22:56:17.904 [main] INFO  testCases.TC_003_LoginDDT - ******Starting TC_003_LoginDDT **** 
22:56:28.256 [main] INFO  testCases.TC_003_LoginDDT - ******Starting TC_003_LoginDDT **** 
22:59:28.612 [main] INFO  testCases.TC_003_LoginDDT - ******Starting TC_003_LoginDDT **** 
22:59:29.698 [main] INFO  testCases.TC_003_LoginDDT - clicked on loging button
22:59:40.651 [main] INFO  testCases.TC_003_LoginDDT - ******Starting TC_003_LoginDDT **** 
22:59:50.991 [main] INFO  testCases.TC_003_LoginDDT - ******Starting TC_003_LoginDDT **** 
23:00:01.326 [main] INFO  testCases.TC_003_LoginDDT - ******Starting TC_003_LoginDDT **** 
23:00:11.673 [main] INFO  testCases.TC_003_LoginDDT - ******Starting TC_003_LoginDDT **** 
19:42:46.200 [main] INFO  testCases.TC_003_LoginDDT - ******Starting TC_003_LoginDDT **** 
19:42:47.330 [main] INFO  testCases.TC_003_LoginDDT - clicked on loging button
19:42:58.399 [main] INFO  testCases.TC_003_LoginDDT - ******Starting TC_003_LoginDDT **** 
19:43:05.385 [main] INFO  testCases.TC_003_LoginDDT - clicked on loging button
19:43:15.444 [main] INFO  testCases.TC_003_LoginDDT - ******Finished TC_003_LoginDDT **** 
19:43:15.456 [main] INFO  testCases.TC_003_LoginDDT - ******Starting TC_003_LoginDDT **** 
19:43:16.550 [main] INFO  testCases.TC_003_LoginDDT - clicked on loging button
19:43:26.620 [main] INFO  testCases.TC_003_LoginDDT - ******Finished TC_003_LoginDDT **** 
19:43:26.649 [main] INFO  testCases.TC_003_LoginDDT - ******Starting TC_003_LoginDDT **** 
19:43:27.556 [main] INFO  testCases.TC_003_LoginDDT - clicked on loging button
19:43:37.624 [main] INFO  testCases.TC_003_LoginDDT - ******Finished TC_003_LoginDDT **** 
19:43:37.636 [main] INFO  testCases.TC_003_LoginDDT - ******Starting TC_003_LoginDDT **** 
19:43:38.637 [main] INFO  testCases.TC_003_LoginDDT - clicked on loging button
20:04:11.644 [main] INFO  testCases.TC_001_AccountRegistrationTest - ****Starting TC_001_AccountRegistrationTest*****
20:04:11.908 [main] INFO  testCases.TC_001_AccountRegistrationTest - clicked my account
20:04:12.709 [main] INFO  testCases.TC_001_AccountRegistrationTest - clicked my Registration
20:04:12.727 [main] INFO  testCases.TC_001_AccountRegistrationTest - providing customer data
20:04:22.777 [main] ERROR testCases.TC_001_AccountRegistrationTest - test failed
20:04:25.752 [main] INFO  testCases.TC_002_LoginTest - ******Starting TC_002_LoginTest**** 
20:04:25.969 [main] INFO  testCases.TC_002_LoginTest - Clicked on my account
20:04:26.501 [main] INFO  testCases.TC_002_LoginTest - Clicked on login Link
20:04:26.506 [main] INFO  testCases.TC_002_LoginTest - providing Login details
20:04:26.958 [main] INFO  testCases.TC_002_LoginTest - clicked on loging button
20:04:27.580 [main] INFO  testCases.TC_002_LoginTest - ******Finished TC_002_LoginTest****
22:05:56.042 [main] INFO  testCases.TC_001_AccountRegistrationTest - ****Starting TC_001_AccountRegistrationTest*****
22:05:56.309 [main] INFO  testCases.TC_001_AccountRegistrationTest - clicked my account
22:05:57.156 [main] INFO  testCases.TC_001_AccountRegistrationTest - clicked my Registration
22:05:57.159 [main] INFO  testCases.TC_001_AccountRegistrationTest - providing customer data
22:06:07.204 [main] ERROR testCases.TC_001_AccountRegistrationTest - test failed
22:06:10.577 [main] INFO  testCases.TC_002_LoginTest - ******Starting TC_002_LoginTest**** 
22:06:10.803 [main] INFO  testCases.TC_002_LoginTest - Clicked on my account
22:06:11.544 [main] INFO  testCases.TC_002_LoginTest - Clicked on login Link
22:06:11.546 [main] INFO  testCases.TC_002_LoginTest - providing Login details
22:06:11.962 [main] INFO  testCases.TC_002_LoginTest - clicked on loging button
22:06:12.938 [main] INFO  testCases.TC_002_LoginTest - ******Finished TC_002_LoginTest****
22:33:35.976 [main] INFO  testCases.TC_001_AccountRegistrationTest - ****Starting TC_001_AccountRegistrationTest*****
22:33:46.108 [main] ERROR testCases.TC_001_AccountRegistrationTest - test failed
22:33:52.742 [main] INFO  testCases.TC_002_LoginTest - ******Starting TC_002_LoginTest**** 
22:35:28.372 [main] INFO  testCases.TC_001_AccountRegistrationTest - ****Starting TC_001_AccountRegistrationTest*****
22:35:28.652 [main] INFO  testCases.TC_001_AccountRegistrationTest - clicked my account
22:35:29.244 [main] INFO  testCases.TC_001_AccountRegistrationTest - clicked my Registration
22:35:29.247 [main] INFO  testCases.TC_001_AccountRegistrationTest - providing customer data
22:35:39.325 [main] ERROR testCases.TC_001_AccountRegistrationTest - test failed
22:35:42.351 [main] INFO  testCases.TC_002_LoginTest - ******Starting TC_002_LoginTest**** 
22:35:42.588 [main] INFO  testCases.TC_002_LoginTest - Clicked on my account
22:35:43.212 [main] INFO  testCases.TC_002_LoginTest - Clicked on login Link
22:35:43.215 [main] INFO  testCases.TC_002_LoginTest - providing Login details
22:35:43.599 [main] INFO  testCases.TC_002_LoginTest - clicked on loging button
22:35:44.202 [main] INFO  testCases.TC_002_LoginTest - ******Finished TC_002_LoginTest****
22:42:49.856 [main] INFO  testCases.TC_001_AccountRegistrationTest - ****Starting TC_001_AccountRegistrationTest*****
22:42:50.106 [main] INFO  testCases.TC_001_AccountRegistrationTest - clicked my account
22:42:50.733 [main] INFO  testCases.TC_001_AccountRegistrationTest - clicked my Registration
22:42:50.738 [main] INFO  testCases.TC_001_AccountRegistrationTest - providing customer data
22:43:00.782 [main] ERROR testCases.TC_001_AccountRegistrationTest - test failed
22:43:04.468 [main] INFO  testCases.TC_002_LoginTest - ******Starting TC_002_LoginTest**** 
22:43:04.717 [main] INFO  testCases.TC_002_LoginTest - Clicked on my account
22:43:05.382 [main] INFO  testCases.TC_002_LoginTest - Clicked on login Link
22:43:05.382 [main] INFO  testCases.TC_002_LoginTest - providing Login details
22:43:05.808 [main] INFO  testCases.TC_002_LoginTest - clicked on loging button
22:43:06.410 [main] INFO  testCases.TC_002_LoginTest - ******Finished TC_002_LoginTest****
